[debug] [2022-12-14T21:58:44.767Z] ----------------------------------------------------------------------
[debug] [2022-12-14T21:58:44.770Z] Command:       C:\Program Files\nodejs\node.exe C:\Users\HI\AppData\Roaming\npm\node_modules\firebase-tools\lib\bin\firebase.js deploy
[debug] [2022-12-14T21:58:44.771Z] CLI Version:   11.18.0
[debug] [2022-12-14T21:58:44.771Z] Platform:      win32
[debug] [2022-12-14T21:58:44.771Z] Node Version:  v16.17.0
[debug] [2022-12-14T21:58:44.912Z] Time:          Wed Dec 14 2022 18:58:44 GMT-0300 (hora estándar de Argentina)
[debug] [2022-12-14T21:58:44.913Z] ----------------------------------------------------------------------
[debug] 
[debug] [2022-12-14T21:58:44.950Z] >>> [apiv2][query] GET https://firebase-public.firebaseio.com/cli.json [none]
[debug] [2022-12-14T21:58:45.226Z] > command requires scopes: ["email","openid","https://www.googleapis.com/auth/cloudplatformprojects.readonly","https://www.googleapis.com/auth/firebase","https://www.googleapis.com/auth/cloud-platform"]
[debug] [2022-12-14T21:58:45.227Z] > authorizing via signed-in user (josuee.vzla@gmail.com)
[debug] [2022-12-14T21:58:45.227Z] [iam] checking project josuehoenicka-portfolio2 for permissions ["firebase.projects.get","firebasehosting.sites.update"]
[debug] [2022-12-14T21:58:45.229Z] > refreshing access token with scopes: []
[debug] [2022-12-14T21:58:45.231Z] >>> [apiv2][query] POST https://www.googleapis.com/oauth2/v3/token [none]
[debug] [2022-12-14T21:58:45.231Z] >>> [apiv2][body] POST https://www.googleapis.com/oauth2/v3/token [omitted]
[debug] [2022-12-14T21:58:45.672Z] <<< [apiv2][status] GET https://firebase-public.firebaseio.com/cli.json 200
[debug] [2022-12-14T21:58:45.673Z] <<< [apiv2][body] GET https://firebase-public.firebaseio.com/cli.json {"cloudBuildErrorAfter":1594252800000,"cloudBuildWarnAfter":1590019200000,"defaultNode10After":1594252800000,"minVersion":"3.0.5","node8DeploysDisabledAfter":1613390400000,"node8RuntimeDisabledAfter":1615809600000,"node8WarnAfter":1600128000000}
[debug] [2022-12-14T21:58:45.992Z] <<< [apiv2][status] POST https://www.googleapis.com/oauth2/v3/token 200
[debug] [2022-12-14T21:58:45.993Z] <<< [apiv2][body] POST https://www.googleapis.com/oauth2/v3/token [omitted]
[debug] [2022-12-14T21:58:46.141Z] >>> [apiv2][query] POST https://cloudresourcemanager.googleapis.com/v1/projects/josuehoenicka-portfolio2:testIamPermissions [none]
[debug] [2022-12-14T21:58:46.141Z] >>> [apiv2][(partial)header] POST https://cloudresourcemanager.googleapis.com/v1/projects/josuehoenicka-portfolio2:testIamPermissions x-goog-quota-user=projects/josuehoenicka-portfolio2
[debug] [2022-12-14T21:58:46.142Z] >>> [apiv2][body] POST https://cloudresourcemanager.googleapis.com/v1/projects/josuehoenicka-portfolio2:testIamPermissions {"permissions":["firebase.projects.get","firebasehosting.sites.update"]}
[debug] [2022-12-14T21:58:47.540Z] <<< [apiv2][status] POST https://cloudresourcemanager.googleapis.com/v1/projects/josuehoenicka-portfolio2:testIamPermissions 200
[debug] [2022-12-14T21:58:47.540Z] <<< [apiv2][body] POST https://cloudresourcemanager.googleapis.com/v1/projects/josuehoenicka-portfolio2:testIamPermissions {"permissions":["firebase.projects.get","firebasehosting.sites.update"]}
[debug] [2022-12-14T21:58:47.543Z] >>> [apiv2][query] GET https://firebase.googleapis.com/v1beta1/projects/josuehoenicka-portfolio2 [none]
[debug] [2022-12-14T21:58:48.043Z] <<< [apiv2][status] GET https://firebase.googleapis.com/v1beta1/projects/josuehoenicka-portfolio2 200
[debug] [2022-12-14T21:58:48.043Z] <<< [apiv2][body] GET https://firebase.googleapis.com/v1beta1/projects/josuehoenicka-portfolio2 {"projectId":"josuehoenicka-portfolio2","projectNumber":"805446438021","displayName":"josuehoenicka-portfolio2","name":"projects/josuehoenicka-portfolio2","resources":{"hostingSite":"josuehoenicka-portfolio2"},"state":"ACTIVE","etag":"1_95b57b3a-2283-4581-bd76-dc4dac47cde2"}
[info] 
[info] === Deploying to 'josuehoenicka-portfolio2'...
[info] 
[info] i  deploying hosting 
[debug] [2022-12-14T21:58:48.138Z] >>> [apiv2][query] POST https://firebasehosting.googleapis.com/v1beta1/projects/-/sites/josuehoenicka-portfolio2/versions [none]
[debug] [2022-12-14T21:58:48.138Z] >>> [apiv2][body] POST https://firebasehosting.googleapis.com/v1beta1/projects/-/sites/josuehoenicka-portfolio2/versions {"status":"CREATED","labels":{"deployment-tool":"cli-firebase"}}
[debug] [2022-12-14T21:58:49.835Z] <<< [apiv2][status] POST https://firebasehosting.googleapis.com/v1beta1/projects/-/sites/josuehoenicka-portfolio2/versions 200
[debug] [2022-12-14T21:58:49.835Z] <<< [apiv2][body] POST https://firebasehosting.googleapis.com/v1beta1/projects/-/sites/josuehoenicka-portfolio2/versions {"name":"projects/805446438021/sites/josuehoenicka-portfolio2/versions/15a68019c695c6fc","status":"CREATED","config":{},"labels":{"deployment-tool":"cli-firebase"}}
